"../../../../../../Study/4 year/UE4/Uppunu/Content/Basics/Levels/Test_Level.uasset" 0
"../../../../../../Study/4 year/UE4/Uppunu/Content/Basics/Test_Level.uasset" 1
"../../../../../../Study/4 year/UE4/Uppunu/Content/Test_Level.uasset" 2
"../../../Engine/Content/Animation/DefaultAnimCurveCompressionSettings.uasset" 3
"../../../Engine/Content/Functions/Engine_MaterialFunctions01/Opacity/CameraDepthFade.uasset" 4
"../../../Engine/Content/EngineMaterials/T_Default_Material_Grid_M.uasset" 5
"../../../Engine/Content/EngineMaterials/T_Default_Material_Grid_N.uasset" 6
"../../../Engine/Content/EngineMaterials/WorldGridMaterial.uasset" 7
"../../../Engine/Content/ArtTools/RenderToTexture/Meshes/S_1_Unit_Plane.uasset" 8
"../../../Engine/Content/EngineMaterials/DefaultMaterial.uasset" 9
"../../../Engine/Content/BasicShapes/Cone.uasset" 10
"../../../Engine/Content/BasicShapes/Cylinder.uasset" 11
"../../../Engine/Content/BasicShapes/Sphere.uasset" 12
"../../../Engine/Content/EngineMaterials/DefaultPhysicalMaterial.uasset" 13
"../../../Engine/Content/BufferVisualization/AmbientOcclusion.uasset" 14
"../../../Engine/Content/BufferVisualization/BaseColor.uasset" 15
"../../../Engine/Content/BufferVisualization/CustomDepth.uasset" 16
"../../../Engine/Content/Functions/Engine_MaterialFunctions02/Utility/VectorLength.uasset" 17
"../../../Engine/Content/BufferVisualization/CustomDepthWorldUnits.uasset" 18
"../../../Engine/Content/Functions/Engine_MaterialFunctions02/Utility/BreakOutFloat2Components.uasset" 19
"../../../Engine/Content/Functions/Engine_MaterialFunctions01/Texturing/ScaleUVsByCenter.uasset" 20
"../../../Engine/Content/Functions/Engine_MaterialFunctions02/ScreenResolution.uasset" 21
"../../../Engine/Content/Functions/Engine_MaterialFunctions02/Texturing/ScreenAlignedUVs.uasset" 22
"../../../Engine/Content/Functions/Engine_MaterialFunctions02/Utility/MakeFloat2.uasset" 23
"../../../Engine/Content/Functions/Engine_MaterialFunctions02/Utility/MakeFloat3.uasset" 24
"../../../Engine/Content/EngineMaterials/MiniFont.uasset" 25
"../../../Engine/Content/BufferVisualization/CustomStencil.uasset" 26
"../../../Engine/Content/BufferVisualization/FinalImage.uasset" 27
"../../../Engine/Content/BufferVisualization/LightingModel.uasset" 28
"../../../Engine/Content/BufferVisualization/MaterialAO.uasset" 29
"../../../Engine/Content/BufferVisualization/Metallic.uasset" 30
"../../../Engine/Content/BufferVisualization/Opacity.uasset" 31
"../../../Engine/Content/BufferVisualization/PostTonemapHDRColor.uasset" 32
"../../../Engine/Content/BufferVisualization/PreTonemapHDRColor.uasset" 33
"../../../Engine/Content/BufferVisualization/Roughness.uasset" 34
"../../../Engine/Content/BufferVisualization/SceneColor.uasset" 35
"../../../Engine/Content/BufferVisualization/SceneDepth.uasset" 36
"../../../Engine/Content/BufferVisualization/SceneDepthWorldUnits.uasset" 37
"../../../Engine/Content/BufferVisualization/SeparateTranslucencyA.uasset" 38
"../../../Engine/Content/BufferVisualization/SeparateTranslucencyRGB.uasset" 39
"../../../Engine/Content/BufferVisualization/Specular.uasset" 40
"../../../Engine/Content/BufferVisualization/SubsurfaceColor.uasset" 41
"../../../Engine/Content/BufferVisualization/Velocity.uasset" 42
"../../../Engine/Content/BufferVisualization/WorldNormal.uasset" 43
"../../../Engine/Content/EditorLandscapeResources/DataLayer.uasset" 44
"../../../Engine/Content/EditorMaterials/MAT_Groups_Toggle.uasset" 45
"../../../Engine/Content/EditorMaterials/MAT_Groups_Visibility.uasset" 46
"../../../Engine/Content/EditorMaterials/PreviewShadowIndicator.uasset" 47
"../../../Engine/Content/EditorMaterials/PreviewShadowIndicatorMaterial.uasset" 48
"../../../Engine/Content/EditorMaterials/MatineeGroups/MAT_ColorTrack.uasset" 49
"../../../Engine/Content/EditorMaterials/MatineeGroups/MAT_Groups_Anim.uasset" 50
"../../../Engine/Content/EditorMaterials/MatineeGroups/MAT_Groups_AudioMaster.uasset" 51
"../../../Engine/Content/EditorMaterials/MatineeGroups/MAT_Groups_Director.uasset" 52
"../../../Engine/Content/EditorMaterials/MatineeGroups/MAT_Groups_Event.uasset" 53
"../../../Engine/Content/EditorMaterials/MatineeGroups/MAT_Groups_Fade.uasset" 54
"../../../Engine/Content/EditorMaterials/MatineeGroups/MAT_Groups_Float.uasset" 55
"../../../Engine/Content/EditorMaterials/MatineeGroups/MAT_Groups_Move.uasset" 56
"../../../Engine/Content/EditorMaterials/MatineeGroups/MAT_Groups_Slomo.uasset" 57
"../../../Engine/Content/EditorMaterials/MatineeGroups/MAT_Groups_Sound.uasset" 58
"../../../Engine/Content/EditorMaterials/MatineeGroups/MAT_Groups_Vector.uasset" 59
"../../../Engine/Content/EditorMaterials/ParticleSystems/PSysThumbnail_NoImage.uasset" 60
"../../../Engine/Content/EditorMaterials/ParticleSystems/PSysThumbnail_OOD.uasset" 61
"../../../Engine/Content/EditorMaterials/Camera/CineMat.uasset" 62
"../../../Engine/Content/EditorMaterials/Camera/MI_CineMat_Rig.uasset" 63
"../../../Engine/Content/EditorMeshes/Camera/SM_CraneRig_Arm.uasset" 64
"../../../Engine/Content/EditorMeshes/Camera/SM_CraneRig_Base.uasset" 65
"../../../Engine/Content/EditorMeshes/Camera/SM_CraneRig_Body.uasset" 66
"../../../Engine/Content/EditorMeshes/Camera/SM_CraneRig_Mount.uasset" 67
"../../../Engine/Content/EditorMeshes/Camera/SM_RailRig_Mount.uasset" 68
"../../../Engine/Content/EditorMeshes/Camera/SM_RailRig_Track.uasset" 69
"../../../Engine/Content/EditorResources/BSPVertex.uasset" 70
"../../../Engine/Content/EditorResources/EmptyActor.uasset" 71
"../../../Engine/Content/EditorResources/S_Actor.uasset" 72
"../../../Engine/Content/EditorResources/S_Note.uasset" 73
"../../../Engine/Content/EditorResources/S_Solver.uasset" 74
"../../../Engine/Content/EditorResources/S_Trigger.uasset" 75
"../../../Engine/Content/EditorResources/AudioIcons/S_AudioComponent.uasset" 76
"../../../Engine/Content/EditorResources/AudioIcons/S_AudioComponent_AutoActivate.uasset" 77
"../../../Engine/Content/EditorResources/SequenceRecorder/Countdown.uasset" 78
"../../../Engine/Content/EditorResources/SequenceRecorder/RecordingIndicator.uasset" 79
"../../../Engine/Content/EditorSounds/Notifications/CompileFailed.uasset" 80
"../../../Engine/Content/EditorSounds/Notifications/CompileFailed_Cue.uasset" 81
"../../../Engine/Content/EditorSounds/Notifications/CompileSuccess.uasset" 82
"../../../Engine/Content/EditorSounds/Notifications/CompileStart_Cue.uasset" 83
"../../../Engine/Content/EditorSounds/Notifications/CompileSuccess_Cue.uasset" 84
"../../../Engine/Content/EngineDamageTypes/DmgTypeBP_Environmental.uasset" 85
"../../../Engine/Content/EngineDebugMaterials/DebugEditorMaterial.uasset" 86
"../../../Engine/Content/EngineDebugMaterials/DebugMeshMaterial.uasset" 87
"../../../Engine/Content/Functions/Engine_MaterialFunctions01/Shading/ConvertFromDiffSpec.uasset" 88
"../../../Engine/Content/EngineDebugMaterials/LevelColorationLitMaterial.uasset" 89
"../../../Engine/Content/EngineDebugMaterials/LevelColorationUnlitMaterial.uasset" 90
"../../../Engine/Content/EngineMaterials/DefaultWhiteGrid.uasset" 91
"../../../Engine/Content/EngineDebugMaterials/MAT_LevelColorationLitLightmapUV.uasset" 92
"../../../Engine/Content/EngineDebugMaterials/M_SimpleUnlitTranslucent.uasset" 93
"../../../Engine/Content/Functions/Engine_MaterialFunctions02/Utility/CameraDirectionVector.uasset" 94
"../../../Engine/Content/EngineDebugMaterials/VolumeToRender.uasset" 95
"../../../Engine/Content/EngineDebugMaterials/M_VolumeRenderSphereTracePP.uasset" 96
"../../../Engine/Content/EngineDebugMaterials/ShadedLevelColorationLitMaterial.uasset" 97
"../../../Engine/Content/EngineDebugMaterials/ShadedLevelColorationUnlitMateri.uasset" 98
"../../../Engine/Content/EngineDebugMaterials/VertexColorMaterial.uasset" 99
"../../../Engine/Content/EngineDebugMaterials/VertexColorViewMode_AlphaAsColor.uasset" 100
"../../../Engine/Content/EngineDebugMaterials/VertexColorViewMode_BlueOnly.uasset" 101
"../../../Engine/Content/EngineDebugMaterials/VertexColorViewMode_ColorOnly.uasset" 102
"../../../Engine/Content/EngineDebugMaterials/VertexColorViewMode_GreenOnly.uasset" 103
"../../../Engine/Content/EngineDebugMaterials/VertexColorViewMode_RedOnly.uasset" 104
"../../../Engine/Content/EngineDebugMaterials/WireframeMaterial.uasset" 105
"../../../Engine/Content/EngineFonts/Faces/DroidSansFallback.uasset" 106
"../../../Engine/Content/EngineFonts/Faces/RobotoBold.uasset" 107
"../../../Engine/Content/EngineFonts/Faces/RobotoBoldItalic.uasset" 108
"../../../Engine/Content/EngineFonts/Faces/RobotoItalic.uasset" 109
"../../../Engine/Content/EngineFonts/Faces/RobotoLight.uasset" 110
"../../../Engine/Content/EngineFonts/Faces/RobotoRegular.uasset" 111
"../../../Engine/Content/EngineFonts/Roboto.uasset" 112
"../../../Engine/Content/EngineMaterials/BaseFlattenDiffuseMap.uasset" 113
"../../../Engine/Content/EngineMaterials/BaseFlattenEmissiveMap.uasset" 114
"../../../Engine/Content/EngineMaterials/BaseFlattenGrayscaleMap.uasset" 115
"../../../Engine/Content/EngineMaterials/BaseFlattenNormalMap.uasset" 116
"../../../Engine/Content/EngineMaterials/BaseFlattenMaterial.uasset" 117
"../../../Engine/Content/EngineMaterials/BlueNoise.uasset" 118
"../../../Engine/Content/EngineMaterials/DefaultBloomKernel.uasset" 119
"../../../Engine/Content/EngineMaterials/DefaultBokeh.uasset" 120
"../../../Engine/Content/EngineMaterials/DefaultDiffuse.uasset" 121
"../../../Engine/Content/EngineMaterials/DefaultDeferredDecalMaterial.uasset" 122
"../../../Engine/Content/EngineMaterials/DefaultLightFunctionMaterial.uasset" 123
"../../../Engine/Content/EngineMaterials/DefaultPostProcessMaterial.uasset" 124
"../../../Engine/Content/EngineFonts/RobotoDistanceField.uasset" 125
"../../../Engine/Content/EngineMaterials/DefaultTextMaterialOpaque.uasset" 126
"../../../Engine/Content/EngineMaterials/DefaultWhiteGrid_Low.uasset" 127
"../../../Engine/Content/EngineMaterials/EmissiveMeshMaterial.uasset" 128
"../../../Engine/Content/EngineMaterials/GizmoMaterial.uasset" 129
"../../../Engine/Content/EngineMaterials/InvalidLightmapSettings.uasset" 130
"../../../Engine/Content/EngineMaterials/M_InvalidLightmapSettings.uasset" 131
"../../../Engine/Content/Functions/Engine_MaterialFunctions02/WorldPositionOffset/CameraOffset.uasset" 132
"../../../Engine/Content/EngineMaterials/PhAT_JointLimitMaterial.uasset" 133
"../../../Engine/Content/EngineMaterials/PreintegratedSkinBRDF.uasset" 134
"../../../Engine/Content/EngineMaterials/RemoveSurfaceMaterial.uasset" 135
"../../../Engine/Content/EngineMaterials/WeightMapPlaceholderTexture.uasset" 136
"../../../Engine/Content/EngineResources/WhiteSquareTexture.uasset" 137
"../../../Engine/Content/EngineMaterials/Widget3DPassThrough.uasset" 138
"../../../Engine/Content/EngineMaterials/Widget3DPassThrough_Masked.uasset" 139
"../../../Engine/Content/EngineMaterials/Widget3DPassThrough_Opaque.uasset" 140
"../../../Engine/Content/EngineMaterials/Widget3DPassThrough_Masked_OneSided.uasset" 141
"../../../Engine/Content/EngineMaterials/Widget3DPassThrough_Opaque_OneSided.uasset" 142
"../../../Engine/Content/EngineMaterials/Widget3DPassThrough_Translucent.uasset" 143
"../../../Engine/Content/EngineMaterials/Widget3DPassThrough_Translucent_OneSided.uasset" 144
"../../../Engine/Content/EngineMeshes/Cylinder.uasset" 145
"../../../Engine/Content/EngineMeshes/Sphere.uasset" 146
"../../../Engine/Content/EngineResources/Black.uasset" 147
"../../../Engine/Content/EngineResources/DefaultTexture.uasset" 148
"../../../Engine/Content/EngineResources/DefaultTextureCube.uasset" 149
"../../../Engine/Content/EngineResources/DefaultVolumeTexture2D.uasset" 150
"../../../Engine/Content/EngineResources/DefaultVolumeTexture.uasset" 151
"../../../Engine/Content/EngineResources/GradientTexture0.uasset" 152
"../../../Engine/Content/EngineSounds/Master.uasset" 153
"../../../Engine/Content/Functions/Engine_MaterialFunctions01/Shading/PowerToRoughness.uasset" 154
"../../../Engine/Content/Maps/Templates/Thumbnails/Default.uasset" 155
"../../../Engine/Content/Maps/Templates/Thumbnails/TimeOfDay.uasset" 156
"../../../Engine/Content/Maps/Templates/Thumbnails/VR-Basic.uasset" 157
"../../../Engine/Content/MobileResources/T_MobileControls_texture.uasset" 158
"../../../Engine/Content/MobileResources/T_MobileMenu2.uasset" 159
"../../../Engine/Content/MobileResources/HUD/AnalogHat.uasset" 160
"../../../Engine/Content/MobileResources/HUD/VirtualJoystick_Background.uasset" 161
"../../../Engine/Content/MobileResources/HUD/VirtualJoystick_Thumb.uasset" 162
"../../../Engine/Content/MobileResources/HUD/DefaultVirtualJoysticks.uasset" 163
"../../../Engine/Content/MobileResources/HUD/LeftVirtualJoystickOnly.uasset" 164
"../../../Engine/Content/MobileResources/HUD/MobileHUDButton1_off.uasset" 165
"../../../Engine/Content/MobileResources/HUD/MobileHUDButton1_on.uasset" 166
"../../../Engine/Content/MobileResources/HUD/MobileHUDButton2_off.uasset" 167
"../../../Engine/Content/MobileResources/HUD/MobileHUDButton2_on.uasset" 168
"../../../Engine/Content/MobileResources/HUD/MobileHUDButton3.uasset" 169
"../../../Engine/Content/MobileResources/HUD/MobileHUDButtonFire.uasset" 170
"../../../Engine/Content/MobileResources/HUD/MobileHUDDirectionPad.uasset" 171
"../../../Engine/Content/MobileResources/HUD/MobileHUDDirectionPad2.uasset" 172
"../../../Engine/Content/MobileResources/HUD/MobileHUDDirectionPad3.uasset" 173
"../../../Engine/Content/MobileResources/HUD/MobileHUDDirectionStick.uasset" 174
"../../../Engine/Content/MobileResources/HUD/T_Castle_ThumbstickInner.uasset" 175
"../../../Engine/Content/MobileResources/HUD/T_Castle_ThumbstickOutter.uasset" 176
"../../../Engine/Content/Tutorial/ContentIntroCurve.uasset" 177
"../../../Engine/Content/Tutorial/Basics/LevelEditorAttract.uasset" 178
"../../../Engine/Content/VREditor/LaserPointer/VR_LaserPower_01.uasset" 179
"../../../Engine/Content/VREditor/TransformGizmo/TransformGizmoMaterial.uasset" 180
"../../../Engine/Content/VREditor/TransformGizmo/TranslucentTransformGizmoMaterial.uasset" 181
"../../../Engine/Content/VREditor/TransformGizmo/BoundingBoxCorner.uasset" 182
"../../../Engine/Content/VREditor/TransformGizmo/BoundingBoxEdge.uasset" 183
"../../../Engine/Content/VREditor/TransformGizmo/PlaneTranslationHandle.uasset" 184
"../../../Engine/Content/VREditor/TransformGizmo/Main.uasset" 185
"../../../Engine/Content/VREditor/TransformGizmo/Xray.uasset" 186
"../../../Engine/Content/VREditor/TransformGizmo/SM_Sequencer_Key.uasset" 187
"../../../Engine/Content/VREditor/TransformGizmo/SM_Sequencer_Node.uasset" 188
"../../Plugins/2D/Paper2D/Content/PlaceholderTextures/DummySpriteTexture.uasset" 189
"../../Plugins/2D/Paper2D/Content/DummySprite.uasset" 190
"../../Plugins/2D/Paper2D/Content/DefaultPaperTerrainMaterial.uasset" 191
"../../Plugins/2D/Paper2D/Content/DefaultSpriteMaterial.uasset" 192
"../../Plugins/2D/Paper2D/Content/MaskedUnlitSpriteMaterial.uasset" 193
"../../Plugins/2D/Paper2D/Content/OpaqueUnlitSpriteMaterial.uasset" 194
"../../Plugins/FX/Niagara/Content/Enums/ENiagaraBooleanLogicOps.uasset" 195
"../../Plugins/FX/Niagara/Content/Enums/ENiagaraCoordinateSpace.uasset" 196
"../../Plugins/FX/Niagara/Content/Enums/ENiagaraExpansionMode.uasset" 197
"../../Plugins/FX/Niagara/Content/Enums/ENiagaraOrientationAxis.uasset" 198
"../../Plugins/FX/Niagara/Content/Enums/ENiagaraRandomnessMode.uasset" 199
"../../../Engine/Content/Functions/Engine_MaterialFunctions02/Utility/BreakOutFloat4Components.uasset" 200
"../../Plugins/Runtime/Oculus/OculusVR/Content/Materials/OculusMR_ChromaKey.uasset" 201
"../../Plugins/Runtime/Oculus/OculusVR/Content/Materials/OculusMR_ChromaKey_Lit.uasset" 202
"../../Plugins/Runtime/Oculus/OculusVR/Content/Materials/OculusMR_OpaqueColoredMaterial.uasset" 203
"../../Plugins/Runtime/Oculus/OculusVR/Content/Materials/OculusMR_WhiteMaterial.uasset" 204
"../../../../../../Study/4 year/UE4/Uppunu/Content/Basics/HUD/Open_Level/BackGround_Open_Close.uasset" 205
"../../../../../../Study/4 year/UE4/Uppunu/Content/Basics/HUD/Close_Level/Close_Level.uasset" 206
"../../../../../../Study/4 year/UE4/Uppunu/Content/Basics/HUD/Loading/BackGround_Loading.uasset" 207
"../../../../../../Study/4 year/UE4/Uppunu/Content/Basics/HUD/Loading/Opening_Logo.uasset" 208
"../../../../../../Study/4 year/UE4/Uppunu/Content/Basics/HUD/Loading/BackGround_Loading_MediaPlayer.uasset" 209
"../../../../../../Study/4 year/UE4/Uppunu/Content/Basics/HUD/Loading/BackGround_Loading_Video.uasset" 210
"../../../../../../Study/4 year/UE4/Uppunu/Content/Basics/HUD/Loading/M_BackGround_Loading.uasset" 211
"../../../Engine/Content/Functions/Engine_MaterialFunctions01/Texturing/TextureCropping.uasset" 212
"../../../Engine/Content/Functions/Engine_MaterialFunctions01/Texturing/ComputeMipLevel.uasset" 213
"../../../Engine/Content/Functions/Engine_MaterialFunctions02/ExampleContent/DebugNumberStrip.uasset" 214
"../../../Engine/Content/Functions/Engine_MaterialFunctions02/ExampleContent/Textures/DebugNumberPeriod.uasset" 215
"../../../Engine/Content/Functions/Engine_MaterialFunctions02/Utility/DebugScalarValues.uasset" 216
"../../../Engine/Content/Functions/Engine_MaterialFunctions02/Utility/DebugFloat2Values.uasset" 217
"../../../Engine/Content/Functions/Engine_MaterialFunctions02/ExampleContent/Textures/flipbook.uasset" 218
"../../../Engine/Content/Functions/Engine_MaterialFunctions02/Texturing/FlipBook.uasset" 219
"../../../../../../Study/4 year/UE4/Uppunu/Content/Basics/HUD/Loading/_Cover.uasset" 220
"../../../../../../Study/4 year/UE4/Uppunu/Content/Basics/HUD/Loading/M_Cover.uasset" 221
"../../../../../../Study/4 year/UE4/Uppunu/Content/Basics/HUD/Loading/Logo_Loading.uasset" 222
"../../../../../../Study/4 year/UE4/Uppunu/Content/Basics/HUD/Loading/M_Logo_Loading.uasset" 223
"../../../../../../Study/4 year/UE4/Uppunu/Content/Basics/HUD/Loading/Logo_Opening_MediaPlayer.uasset" 224
"../../../../../../Study/4 year/UE4/Uppunu/Content/Basics/HUD/Loading/Logo_Opening_Video.uasset" 225
"../../../../../../Study/4 year/UE4/Uppunu/Content/Basics/HUD/Loading/M_Logo_Opening.uasset" 226
"../../../../../../Study/4 year/UE4/Uppunu/Content/Basics/HUD/Loading/BackGround_Outline.uasset" 227
"../../../../../../Study/4 year/UE4/Uppunu/Content/Basics/HUD/Loading/Loading_Screen.uasset" 228
"../../../../../../Study/4 year/UE4/Uppunu/Content/Basics/Sound/Music/Opening.uasset" 229
"../../../../../../Study/4 year/UE4/Uppunu/Content/Basics/Sound/Music/Opening_Cue.uasset" 230
"../../../../../../Study/4 year/UE4/Uppunu/Content/Basics/Levels/Open_Level.umap" 231
"../../../Engine/Content/EditorBlueprintResources/StandardMacros.uasset" 232
"../../../../../../Study/4 year/UE4/Uppunu/Content/Basics/Answer_P.uasset" 233
"../../../Engine/Content/Animation/DefaultAnimBoneCompressionSettings.uasset" 234
"../../../../../../Study/4 year/UE4/Uppunu/Content/InteractiveObjects/Basketball/SkM_Basketball_Skeleton.uasset" 235
"../../../../../../Study/4 year/UE4/Uppunu/Content/InteractiveObjects/Basketball/Animation/Basketball_Jump_Stop.uasset" 236
"../../../../../../Study/4 year/UE4/Uppunu/Content/InteractiveObjects/Basketball/Animation/Cadr/F_Basketball_Cadr_1.uasset" 237
"../../../../../../Study/4 year/UE4/Uppunu/Content/InteractiveObjects/Basketball/Animation/Cadr/F_Basketball_Cadr_2.uasset" 238
"../../../../../../Study/4 year/UE4/Uppunu/Content/InteractiveObjects/Basketball/Animation/Cadr/F_Basketball_Cadr_3.uasset" 239
"../../../../../../Study/4 year/UE4/Uppunu/Content/InteractiveObjects/Basketball/Animation/Cadr/T_Basketball_Cadr_1.uasset" 240
"../../../../../../Study/4 year/UE4/Uppunu/Content/InteractiveObjects/Basketball/Animation/Cadr/T_Basketball_Cadr_2.uasset" 241
"../../../Engine/Content/Functions/Engine_MaterialFunctions02/Texturing/ScreenAlignedPixelToPixelUVs.uasset" 242
"../../../Engine/Content/EngineMaterials/Good64x64TilingNoiseHighFreq.uasset" 243
"../../../Engine/Content/Functions/Engine_MaterialFunctions02/Utility/DitherTemporalAA.uasset" 244
"../../../../../../Study/4 year/UE4/Uppunu/Content/InteractiveObjects/Basketball/Texture/T_Basketball_BC.uasset" 245
"../../../../../../Study/4 year/UE4/Uppunu/Content/InteractiveObjects/Basketball/Texture/M_Basketball.uasset" 246
"../../../../../../Study/4 year/UE4/Uppunu/Content/Basics/Outline/M_Outline_Basic.uasset" 247
"../../../../../../Study/4 year/UE4/Uppunu/Content/InteractiveObjects/Basketball/Texture/M_Basketball_Outline_Black.uasset" 248
"../../../../../../Study/4 year/UE4/Uppunu/Content/InteractiveObjects/Basketball/Texture/M_Basketball_Outline_White.uasset" 249
"../../../../../../Study/4 year/UE4/Uppunu/Content/InteractiveObjects/Basketball/SkM_Basketball.uasset" 250
"../../../../../../Study/4 year/UE4/Uppunu/Content/InteractiveObjects/Basketball/Basketball_Cadr.uasset" 251
"../../../../../../Study/4 year/UE4/Uppunu/Content/InteractiveObjects/Basketball/Basketball_Anim.uasset" 252
"../../../../../../Study/4 year/UE4/Uppunu/Content/InteractiveObjects/Clock/SkM_Clock_Skeleton.uasset" 253
"../../../../../../Study/4 year/UE4/Uppunu/Content/InteractiveObjects/Clock/Animation/Clock_Fake.uasset" 254
"../../../../../../Study/4 year/UE4/Uppunu/Content/InteractiveObjects/Clock/Animation/Clock_Main.uasset" 255
"../../../../../../Study/4 year/UE4/Uppunu/Content/InteractiveObjects/Clock/Texture/Answer/T_F_Clock_Cadr_4.uasset" 256
"../../../../../../Study/4 year/UE4/Uppunu/Content/InteractiveObjects/Clock/Texture/Answer/F_Clock_Cadr_4.uasset" 257
"../../../../../../Study/4 year/UE4/Uppunu/Content/InteractiveObjects/Clock/Texture/Answer/T_F_Clock_Cadr_5.uasset" 258
"../../../../../../Study/4 year/UE4/Uppunu/Content/InteractiveObjects/Clock/Texture/Answer/F_Clock_Cadr_5.uasset" 259
"../../../../../../Study/4 year/UE4/Uppunu/Content/InteractiveObjects/Clock/Texture/Answer/T_F_Clock_Cadr_6.uasset" 260
"../../../../../../Study/4 year/UE4/Uppunu/Content/InteractiveObjects/Clock/Texture/Answer/F_Clock_Cadr_6.uasset" 261
"../../../../../../Study/4 year/UE4/Uppunu/Content/InteractiveObjects/Clock/Texture/Cadr_1/T_Clock_Cadr_1_3.uasset" 262
"../../../../../../Study/4 year/UE4/Uppunu/Content/InteractiveObjects/Clock/Texture/Answer/T_Clock_Cadr_1.uasset" 263
"../../../../../../Study/4 year/UE4/Uppunu/Content/InteractiveObjects/Clock/Texture/Cadr_2/T_Clock_Cadr_2_2.uasset" 264
"../../../../../../Study/4 year/UE4/Uppunu/Content/InteractiveObjects/Clock/Texture/Answer/T_Clock_Cadr_2.uasset" 265
"../../../../../../Study/4 year/UE4/Uppunu/Content/InteractiveObjects/Clock/Texture/Cadr_3/T_Clock_Cadr_3_1.uasset" 266
"../../../../../../Study/4 year/UE4/Uppunu/Content/InteractiveObjects/Clock/Texture/Answer/T_Clock_Cadr_3.uasset" 267
"../../../../../../Study/4 year/UE4/Uppunu/Content/InteractiveObjects/Clock/Texture/Cadr_1/T_Clock_Cadr_1_1.uasset" 268
"../../../../../../Study/4 year/UE4/Uppunu/Content/InteractiveObjects/Clock/Texture/Cadr_1/M_Clock_Cadr_1_1.uasset" 269
"../../../../../../Study/4 year/UE4/Uppunu/Content/InteractiveObjects/Clock/Texture/M_Clock_Outline.uasset" 270
"../../../../../../Study/4 year/UE4/Uppunu/Content/InteractiveObjects/Clock/SkM_Clock_PhysicsAsset.uasset" 271
"../../../../../../Study/4 year/UE4/Uppunu/Content/InteractiveObjects/Clock/SkM_Clock.uasset" 272
"../../../../../../Study/4 year/UE4/Uppunu/Content/InteractiveObjects/Clock/Clock_Cadr.uasset" 273
"../../../../../../Study/4 year/UE4/Uppunu/Content/InteractiveObjects/Clock/Texture/Cadr_1/T_Clock_Cadr_1_2.uasset" 274
"../../../../../../Study/4 year/UE4/Uppunu/Content/InteractiveObjects/Clock/Texture/Cadr_1/M_Clock_Cadr_1_2.uasset" 275
"../../../../../../Study/4 year/UE4/Uppunu/Content/InteractiveObjects/Clock/Texture/Cadr_1/T_Clock_Cadr_1_4.uasset" 276
"../../../../../../Study/4 year/UE4/Uppunu/Content/InteractiveObjects/Clock/Texture/Cadr_1/M_Clock_Cadr_1_4.uasset" 277
"../../../../../../Study/4 year/UE4/Uppunu/Content/InteractiveObjects/Clock/Texture/Cadr_1/T_Clock_Cadr_Off.uasset" 278
"../../../../../../Study/4 year/UE4/Uppunu/Content/InteractiveObjects/Clock/Texture/Cadr_1/M_Clock_Cadr_Off.uasset" 279
"../../../../../../Study/4 year/UE4/Uppunu/Content/InteractiveObjects/Clock/Texture/Cadr_2/T_Clock_Cadr_2_1.uasset" 280
"../../../../../../Study/4 year/UE4/Uppunu/Content/InteractiveObjects/Clock/Texture/Cadr_2/M_Clock_Cadr_2_1.uasset" 281
"../../../../../../Study/4 year/UE4/Uppunu/Content/InteractiveObjects/Clock/Texture/Cadr_3/T_Clock_Cadr_3_2.uasset" 282
"../../../../../../Study/4 year/UE4/Uppunu/Content/InteractiveObjects/Clock/Texture/Cadr_3/M_Clock_Cadr_3_2.uasset" 283
"../../../../../../Study/4 year/UE4/Uppunu/Content/InteractiveObjects/Clock/Texture/Cadr_3/T_Clock_Cadr_3_3.uasset" 284
"../../../../../../Study/4 year/UE4/Uppunu/Content/InteractiveObjects/Clock/Texture/Cadr_3/M_Clock_Cadr_3_3.uasset" 285
"../../../../../../Study/4 year/UE4/Uppunu/Content/InteractiveObjects/Clock/Texture/Cadr_3/T_Clock_Cadr_3_4.uasset" 286
"../../../../../../Study/4 year/UE4/Uppunu/Content/InteractiveObjects/Clock/Texture/Cadr_3/M_Clock_Cadr_3_4.uasset" 287
"../../../../../../Study/4 year/UE4/Uppunu/Content/InteractiveObjects/Clock/Clock_Anim.uasset" 288
"../../../../../../Study/4 year/UE4/Uppunu/Content/InteractiveObjects/Korok/SkM_Korok_Skeleton.uasset" 289
"../../../../../../Study/4 year/UE4/Uppunu/Content/InteractiveObjects/Korok/Animation/Cadr/F_Korok_Cadr_1.uasset" 290
"../../../../../../Study/4 year/UE4/Uppunu/Content/InteractiveObjects/Korok/Animation/Cadr/F_Korok_Cadr_2.uasset" 291
"../../../../../../Study/4 year/UE4/Uppunu/Content/InteractiveObjects/Korok/Animation/Cadr/F_Korok_Cadr_3.uasset" 292
"../../../../../../Study/4 year/UE4/Uppunu/Content/InteractiveObjects/Korok/Animation/Cadr/F_Korok_Cadr_4.uasset" 293
"../../../../../../Study/4 year/UE4/Uppunu/Content/InteractiveObjects/Korok/Animation/Cadr/T_Korok_Cadr_5.uasset" 294
"../../../../../../Study/4 year/UE4/Uppunu/Content/InteractiveObjects/Korok/Animation/Cadr/T_Korok_Cadr_6.uasset" 295
"../../../../../../Study/4 year/UE4/Uppunu/Content/InteractiveObjects/Korok/Animation/Korok_Hello_Stop.uasset" 296
"../../../../../../Study/4 year/UE4/Uppunu/Content/InteractiveObjects/Korok/Texture/T_Korok_BC.uasset" 297
"../../../../../../Study/4 year/UE4/Uppunu/Content/InteractiveObjects/Korok/Texture/M_Korok_Body.uasset" 298
"../../../../../../Study/4 year/UE4/Uppunu/Content/InteractiveObjects/Korok/Texture/T_Korok_Stick_BC.uasset" 299
"../../../../../../Study/4 year/UE4/Uppunu/Content/InteractiveObjects/Korok/Texture/M_Korok_Stick.uasset" 300
"../../../../../../Study/4 year/UE4/Uppunu/Content/InteractiveObjects/Korok/Texture/M_Korok_Outline_Black.uasset" 301
"../../../../../../Study/4 year/UE4/Uppunu/Content/InteractiveObjects/Korok/Texture/M_Korok_Outline_White.uasset" 302
"../../../../../../Study/4 year/UE4/Uppunu/Content/InteractiveObjects/Korok/SkM_Korok_PhysicsAsset.uasset" 303
"../../../../../../Study/4 year/UE4/Uppunu/Content/InteractiveObjects/Korok/SkM_Korok.uasset" 304
"../../../../../../Study/4 year/UE4/Uppunu/Content/InteractiveObjects/Korok/Korok_Cadr.uasset" 305
"../../../../../../Study/4 year/UE4/Uppunu/Content/InteractiveObjects/Korok/Korok_Anim.uasset" 306
"../../../../../../Study/4 year/UE4/Uppunu/Content/Backgrounds/Video/BW_BackGround.uasset" 307
"../../../Engine/Content/BasicShapes/BasicShapeMaterial.uasset" 308
"../../../../../../Study/4 year/UE4/Uppunu/Content/Backgrounds/Black.uasset" 309
"../../../../../../Study/4 year/UE4/Uppunu/Content/Backgrounds/Meshes/Texture/Blue/SM_BackGround_Line_Blue_8.uasset" 310
"../../../../../../Study/4 year/UE4/Uppunu/Content/Backgrounds/Meshes/Texture/Pink/SM_BackGround_Line_Pink_1.uasset" 311
"../../../../../../Study/4 year/UE4/Uppunu/Content/Backgrounds/Meshes/Texture/M_BackGround_Line_1.uasset" 312
"../../../../../../Study/4 year/UE4/Uppunu/Content/Backgrounds/Meshes/Texture/Blue/SM_BackGround_Line_Blue_7.uasset" 313
"../../../../../../Study/4 year/UE4/Uppunu/Content/Backgrounds/Meshes/Texture/Pink/SM_BackGround_Line_Pink_2.uasset" 314
"../../../../../../Study/4 year/UE4/Uppunu/Content/Backgrounds/Meshes/Texture/M_BackGround_Line_2.uasset" 315
"../../../../../../Study/4 year/UE4/Uppunu/Content/Backgrounds/Meshes/Texture/Blue/SM_BackGround_Line_Blue_6.uasset" 316
"../../../../../../Study/4 year/UE4/Uppunu/Content/Backgrounds/Meshes/Texture/Pink/SM_BackGround_Line_Pink_3.uasset" 317
"../../../../../../Study/4 year/UE4/Uppunu/Content/Backgrounds/Meshes/Texture/M_BackGround_Line_3.uasset" 318
"../../../../../../Study/4 year/UE4/Uppunu/Content/Backgrounds/Meshes/Texture/Blue/SM_BackGround_Line_Blue_5.uasset" 319
"../../../../../../Study/4 year/UE4/Uppunu/Content/Backgrounds/Meshes/Texture/Pink/SM_BackGround_Line_Pink_4.uasset" 320
"../../../../../../Study/4 year/UE4/Uppunu/Content/Backgrounds/Meshes/Texture/M_BackGround_Line_4.uasset" 321
"../../../../../../Study/4 year/UE4/Uppunu/Content/Backgrounds/Meshes/Texture/Blue/SM_BackGround_Line_Blue_4.uasset" 322
"../../../../../../Study/4 year/UE4/Uppunu/Content/Backgrounds/Meshes/Texture/Pink/SM_BackGround_Line_Pink_5.uasset" 323
"../../../../../../Study/4 year/UE4/Uppunu/Content/Backgrounds/Meshes/Texture/M_BackGround_Line_5.uasset" 324
"../../../../../../Study/4 year/UE4/Uppunu/Content/Backgrounds/Meshes/Texture/Blue/SM_BackGround_Line_Blue_3.uasset" 325
"../../../../../../Study/4 year/UE4/Uppunu/Content/Backgrounds/Meshes/Texture/Pink/SM_BackGround_Line_Pink_6.uasset" 326
"../../../../../../Study/4 year/UE4/Uppunu/Content/Backgrounds/Meshes/Texture/M_BackGround_Line_6.uasset" 327
"../../../../../../Study/4 year/UE4/Uppunu/Content/Backgrounds/Meshes/Texture/Blue/SM_BackGround_Line_Blue_2.uasset" 328
"../../../../../../Study/4 year/UE4/Uppunu/Content/Backgrounds/Meshes/Texture/Pink/SM_BackGround_Line_Pink_7.uasset" 329
"../../../../../../Study/4 year/UE4/Uppunu/Content/Backgrounds/Meshes/Texture/M_BackGround_Line_7.uasset" 330
"../../../../../../Study/4 year/UE4/Uppunu/Content/Backgrounds/Meshes/Texture/Blue/SM_BackGround_Line_Blue_1.uasset" 331
"../../../../../../Study/4 year/UE4/Uppunu/Content/Backgrounds/Meshes/Texture/Pink/SM_BackGround_Line_Pink_8.uasset" 332
"../../../../../../Study/4 year/UE4/Uppunu/Content/Backgrounds/Meshes/Texture/M_BackGround_Line_8.uasset" 333
"../../../../../../Study/4 year/UE4/Uppunu/Content/Backgrounds/Video/BW_BackGround_MediaPlayer.uasset" 334
"../../../../../../Study/4 year/UE4/Uppunu/Content/Backgrounds/Video/BW_BackGround_Video.uasset" 335
"../../../../../../Study/4 year/UE4/Uppunu/Content/Backgrounds/BG_Render_target.uasset" 336
"../../../../../../Study/4 year/UE4/Uppunu/Content/Backgrounds/BG_Render_mat.uasset" 337
"../../../../../../Study/4 year/UE4/Uppunu/Content/Backgrounds/BG_Render_Inst.uasset" 338
"../../../Engine/Content/BasicShapes/Cube.uasset" 339
"../../../Engine/Content/BasicShapes/Plane.uasset" 340
"../../../../../../Study/4 year/UE4/Uppunu/Content/Backgrounds/Meshes/SM_BackGround_Line_1.uasset" 341
"../../../../../../Study/4 year/UE4/Uppunu/Content/Backgrounds/Meshes/SM_BackGround_Line_2.uasset" 342
"../../../../../../Study/4 year/UE4/Uppunu/Content/Backgrounds/Meshes/SM_BackGround_Line_3.uasset" 343
"../../../../../../Study/4 year/UE4/Uppunu/Content/Backgrounds/Meshes/SM_BackGround_Line_4.uasset" 344
"../../../../../../Study/4 year/UE4/Uppunu/Content/Basics/HUD/Game_Over/GameOver.uasset" 345
"../../../../../../Study/4 year/UE4/Uppunu/Content/Basics/HUD/Game_Over/M_GameOver.uasset" 346
"../../../../../../Study/4 year/UE4/Uppunu/Content/Basics/HUD/Game_Over/Game_Over.uasset" 347
"../../../../../../Study/4 year/UE4/Uppunu/Content/Basics/HUD/Open_Level/Open_Level.uasset" 348
"../../../../../../Study/4 year/UE4/Uppunu/Content/Basics/HUD/Timer_Answers/Answer_False.uasset" 349
"../../../../../../Study/4 year/UE4/Uppunu/Content/Basics/HUD/Timer_Answers/Answer_True.uasset" 350
"../../../../../../Study/4 year/UE4/Uppunu/Content/Basics/HUD/Timer_Answers/Timer_Clock.uasset" 351
"../../../../../../Study/4 year/UE4/Uppunu/Content/Basics/HUD/Timer_Answers/Timer_Line_left.uasset" 352
"../../../../../../Study/4 year/UE4/Uppunu/Content/Basics/HUD/Timer_Answers/Timer_Line_Outline.uasset" 353
"../../../../../../Study/4 year/UE4/Uppunu/Content/Basics/HUD/Timer_Answers/Timer_Line_Right.uasset" 354
"../../../../../../Study/4 year/UE4/Uppunu/Content/Basics/HUD/Timer_Answers/Timer_Line_White.uasset" 355
"../../../../../../Study/4 year/UE4/Uppunu/Content/Basics/HUD/Timer_Answers/Main_Timer_Answers.uasset" 356
"../../../../../../Study/4 year/UE4/Uppunu/Content/Basics/Sound/Effects/False_Answer.uasset" 357
"../../../../../../Study/4 year/UE4/Uppunu/Content/Basics/Sound/Effects/False_Answer_Cue.uasset" 358
"../../../../../../Study/4 year/UE4/Uppunu/Content/Basics/Sound/Effects/Invisibility.uasset" 359
"../../../../../../Study/4 year/UE4/Uppunu/Content/Basics/Sound/Effects/Invisibility_Cue.uasset" 360
"../../../../../../Study/4 year/UE4/Uppunu/Content/Basics/Sound/Effects/Rotation.uasset" 361
"../../../../../../Study/4 year/UE4/Uppunu/Content/Basics/Sound/Effects/Rotation_Cue.uasset" 362
"../../../../../../Study/4 year/UE4/Uppunu/Content/Basics/Sound/Effects/Timer.uasset" 363
"../../../../../../Study/4 year/UE4/Uppunu/Content/Basics/Sound/Effects/Timer_Cue.uasset" 364
"../../../../../../Study/4 year/UE4/Uppunu/Content/Basics/Sound/Effects/True_Answer.uasset" 365
"../../../../../../Study/4 year/UE4/Uppunu/Content/Basics/Sound/Effects/True_Answer_Cue.uasset" 366
"../../../../../../Study/4 year/UE4/Uppunu/Content/Basics/Sound/Effects/Water_BackGround.uasset" 367
"../../../../../../Study/4 year/UE4/Uppunu/Content/Basics/Sound/Effects/Water_BackGround_Cue.uasset" 368
"../../../../../../Study/4 year/UE4/Uppunu/Content/Basics/Sound/Music/GameOver.uasset" 369
"../../../../../../Study/4 year/UE4/Uppunu/Content/Basics/Sound/Music/GameOver_Cue.uasset" 370
"../../../../../../Study/4 year/UE4/Uppunu/Content/Basics/Sound/Music/Main_BackGround.uasset" 371
"../../../../../../Study/4 year/UE4/Uppunu/Content/Basics/Sound/Music/Main_BackGround_Cue.uasset" 372
"../../../../../../Study/4 year/UE4/Uppunu/Content/Basics/Levels/Training_Level.umap" 373
"../../../Engine/Content/Maps/Entry_BuiltData.uasset" 374
"../../../Engine/Content/Maps/Entry.umap" 375
